::::::::::::::
log.txt
::::::::::::::
mkdir 15-F/Hansen_David_Mead.dir 2> /dev/null ; 
mv -f mmccel2.tar 15-F/Hansen_David_Mead.dir/Hansen_David_Mead.tar; 
tar -xf 15-F/Hansen_David_Mead.dir/Hansen_David_Mead.tar -C 15-F/Hansen_David_Mead.dir; 
rm -f 15-F/Hansen_David_Mead.dir/*.o 15-F/Hansen_David_Mead.dir/a.out
perl /mnt/local/utilities/compileAll.pl 15-F/Hansen_David_Mead.dir/Hansen_David_Mead.tar 15-F/Hansen_David_Mead.dir/Hansen_David_Mead.out 2> 15-F/Hansen_David_Mead.dir/Hansen_David_Mead.compile
cp 15-F/Hansen_David_Mead.dir/Hansen_David_Mead.tar 15-F/Hansen_David_Mead.dir/Hansen_David_Mead.html
more log.txt     15-F/Hansen_David_Mead.dir/Hansen_David_Mead.compile       >> 15-F/Hansen_David_Mead.dir/Hansen_David_Mead.log 2> /dev/null ; 
rm -f log.txt     15-F/Hansen_David_Mead.dir/Hansen_David_Mead.compile      
::::::::::::::
15-F/Hansen_David_Mead.dir/Hansen_David_Mead.compile
::::::::::::::

# mkdir 15-F/Hansen_David_Mead.dir/Hansen_David_Mead.tar.dir 2>> 15-F/Hansen_David_Mead.dir/Hansen_David_Mead.compile 

# cp 15-F/Hansen_David_Mead.dir/Hansen_David_Mead.tar 15-F/Hansen_David_Mead.dir/Hansen_David_Mead.tar.dir/tar.tar 2>> 15-F/Hansen_David_Mead.dir/Hansen_David_Mead.compile 

# tar -xf  15-F/Hansen_David_Mead.dir/Hansen_David_Mead.tar.dir/tar.tar -C 15-F/Hansen_David_Mead.dir/Hansen_David_Mead.tar.dir 2>> 15-F/Hansen_David_Mead.dir/Hansen_David_Mead.compile >> 15-F/Hansen_David_Mead.dir/Hansen_David_Mead.compile 

# make a.out -C 15-F/Hansen_David_Mead.dir/Hansen_David_Mead.tar.dir 2>> 15-F/Hansen_David_Mead.dir/Hansen_David_Mead.compile >> 15-F/Hansen_David_Mead.dir/Hansen_David_Mead.compile 
make: Entering directory `/home/burtons/cs241/prj10/15-F/Hansen_David_Mead.dir/Hansen_David_Mead.tar.dir'
g++ -c game.cpp
g++ -c uiInteract.cpp
g++ -c uiDraw.cpp
g++ -c point.cpp
g++ -c rifle.cpp
g++ -c bird.cpp
g++ -c bullet.cpp
g++ -c velocity.cpp
g++ game.o uiInteract.o uiDraw.o point.o rifle.o bird.o bullet.o velocity.o -lglut -lGLU -lGL
make: Leaving directory `/home/burtons/cs241/prj10/15-F/Hansen_David_Mead.dir/Hansen_David_Mead.tar.dir'

# mv 15-F/Hansen_David_Mead.dir/Hansen_David_Mead.tar.dir/a.out 15-F/Hansen_David_Mead.dir/Hansen_David_Mead.out 2>> 15-F/Hansen_David_Mead.dir/Hansen_David_Mead.compile >> 15-F/Hansen_David_Mead.dir/Hansen_David_Mead.compile 

# rm -rf 15-F/Hansen_David_Mead.dir/Hansen_David_Mead.tar.dir 2>> 15-F/Hansen_David_Mead.dir/Hansen_David_Mead.compile 
