::::::::::::::
log.txt
::::::::::::::
mkdir 15-F/Jessop_Eric_Wardell.dir 2> /dev/null ; 
mv -f ericwj7.tar 15-F/Jessop_Eric_Wardell.dir/Jessop_Eric_Wardell.tar; 
tar -xf 15-F/Jessop_Eric_Wardell.dir/Jessop_Eric_Wardell.tar -C 15-F/Jessop_Eric_Wardell.dir; 
rm -f 15-F/Jessop_Eric_Wardell.dir/*.o 15-F/Jessop_Eric_Wardell.dir/a.out
perl /mnt/local/utilities/compileAll.pl 15-F/Jessop_Eric_Wardell.dir/Jessop_Eric_Wardell.tar 15-F/Jessop_Eric_Wardell.dir/Jessop_Eric_Wardell.out 2> 15-F/Jessop_Eric_Wardell.dir/Jessop_Eric_Wardell.compile
cp 15-F/Jessop_Eric_Wardell.dir/Jessop_Eric_Wardell.tar 15-F/Jessop_Eric_Wardell.dir/Jessop_Eric_Wardell.html
more log.txt     15-F/Jessop_Eric_Wardell.dir/Jessop_Eric_Wardell.compile       >> 15-F/Jessop_Eric_Wardell.dir/Jessop_Eric_Wardell.log 2> /dev/null ; 
rm -f log.txt     15-F/Jessop_Eric_Wardell.dir/Jessop_Eric_Wardell.compile      
::::::::::::::
15-F/Jessop_Eric_Wardell.dir/Jessop_Eric_Wardell.compile
::::::::::::::

# mkdir 15-F/Jessop_Eric_Wardell.dir/Jessop_Eric_Wardell.tar.dir 2>> 15-F/Jessop_Eric_Wardell.dir/Jessop_Eric_Wardell.compile 

# cp 15-F/Jessop_Eric_Wardell.dir/Jessop_Eric_Wardell.tar 15-F/Jessop_Eric_Wardell.dir/Jessop_Eric_Wardell.tar.dir/tar.tar 2>> 15-F/Jessop_Eric_Wardell.dir/Jessop_Eric_Wardell.compile 

# tar -xf  15-F/Jessop_Eric_Wardell.dir/Jessop_Eric_Wardell.tar.dir/tar.tar -C 15-F/Jessop_Eric_Wardell.dir/Jessop_Eric_Wardell.tar.dir 2>> 15-F/Jessop_Eric_Wardell.dir/Jessop_Eric_Wardell.compile >> 15-F/Jessop_Eric_Wardell.dir/Jessop_Eric_Wardell.compile 

# make a.out -C 15-F/Jessop_Eric_Wardell.dir/Jessop_Eric_Wardell.tar.dir 2>> 15-F/Jessop_Eric_Wardell.dir/Jessop_Eric_Wardell.compile >> 15-F/Jessop_Eric_Wardell.dir/Jessop_Eric_Wardell.compile 
make: Entering directory `/home/burtons/cs241/prj10/15-F/Jessop_Eric_Wardell.dir/Jessop_Eric_Wardell.tar.dir'
g++ -c game.cpp
g++ -c uiInteract.cpp
g++ -c uiDraw.cpp
g++ -c point.cpp
g++ -c velocity.cpp
g++ -c rifle.cpp
g++ -c flyingobject.cpp
g++ -c bullet.cpp
g++ -c bird.cpp
g++ game.o uiInteract.o uiDraw.o point.o velocity.o rifle.o flyingobject.o bullet.o bird.o -lglut -lGLU -lGL
tar -cf skeet.tar makefile *.cpp *.h
make: Leaving directory `/home/burtons/cs241/prj10/15-F/Jessop_Eric_Wardell.dir/Jessop_Eric_Wardell.tar.dir'

# mv 15-F/Jessop_Eric_Wardell.dir/Jessop_Eric_Wardell.tar.dir/a.out 15-F/Jessop_Eric_Wardell.dir/Jessop_Eric_Wardell.out 2>> 15-F/Jessop_Eric_Wardell.dir/Jessop_Eric_Wardell.compile >> 15-F/Jessop_Eric_Wardell.dir/Jessop_Eric_Wardell.compile 

# rm -rf 15-F/Jessop_Eric_Wardell.dir/Jessop_Eric_Wardell.tar.dir 2>> 15-F/Jessop_Eric_Wardell.dir/Jessop_Eric_Wardell.compile 
