::::::::::::::
log.txt
::::::::::::::
mkdir 15-F/Bowers_Brandon_R.dir 2> /dev/null ; 
mv -f bowers24.tar 15-F/Bowers_Brandon_R.dir/Bowers_Brandon_R.tar; 
tar -xf 15-F/Bowers_Brandon_R.dir/Bowers_Brandon_R.tar -C 15-F/Bowers_Brandon_R.dir; 
rm -f 15-F/Bowers_Brandon_R.dir/*.o 15-F/Bowers_Brandon_R.dir/a.out
perl /mnt/local/utilities/compileAll.pl 15-F/Bowers_Brandon_R.dir/Bowers_Brandon_R.tar 15-F/Bowers_Brandon_R.dir/Bowers_Brandon_R.out 2> 15-F/Bowers_Brandon_R.dir/Bowers_Brandon_R.compile
cp 15-F/Bowers_Brandon_R.dir/Bowers_Brandon_R.tar 15-F/Bowers_Brandon_R.dir/Bowers_Brandon_R.html
more log.txt     15-F/Bowers_Brandon_R.dir/Bowers_Brandon_R.compile       >> 15-F/Bowers_Brandon_R.dir/Bowers_Brandon_R.log 2> /dev/null ; 
rm -f log.txt     15-F/Bowers_Brandon_R.dir/Bowers_Brandon_R.compile      
::::::::::::::
15-F/Bowers_Brandon_R.dir/Bowers_Brandon_R.compile
::::::::::::::

# mkdir 15-F/Bowers_Brandon_R.dir/Bowers_Brandon_R.tar.dir 2>> 15-F/Bowers_Brandon_R.dir/Bowers_Brandon_R.compile 

# cp 15-F/Bowers_Brandon_R.dir/Bowers_Brandon_R.tar 15-F/Bowers_Brandon_R.dir/Bowers_Brandon_R.tar.dir/tar.tar 2>> 15-F/Bowers_Brandon_R.dir/Bowers_Brandon_R.compile 

# tar -xf  15-F/Bowers_Brandon_R.dir/Bowers_Brandon_R.tar.dir/tar.tar -C 15-F/Bowers_Brandon_R.dir/Bowers_Brandon_R.tar.dir 2>> 15-F/Bowers_Brandon_R.dir/Bowers_Brandon_R.compile >> 15-F/Bowers_Brandon_R.dir/Bowers_Brandon_R.compile 

# make a.out -C 15-F/Bowers_Brandon_R.dir/Bowers_Brandon_R.tar.dir 2>> 15-F/Bowers_Brandon_R.dir/Bowers_Brandon_R.compile >> 15-F/Bowers_Brandon_R.dir/Bowers_Brandon_R.compile 
make: Entering directory `/home/burtons/cs241/prj10/15-F/Bowers_Brandon_R.dir/Bowers_Brandon_R.tar.dir'
g++ -c game.cpp
g++ -c uiInteract.cpp
g++ -c uiDraw.cpp
g++ -c point.cpp
g++ -c Rifle.cpp
g++ -c Bullet.cpp
g++ -c flyingObject.cpp
g++ -c bird.cpp
g++ game.o uiInteract.o uiDraw.o point.o Rifle.o Bullet.o flyingObject.o bird.o -lglut -lGLU -lGL
make: Leaving directory `/home/burtons/cs241/prj10/15-F/Bowers_Brandon_R.dir/Bowers_Brandon_R.tar.dir'

# mv 15-F/Bowers_Brandon_R.dir/Bowers_Brandon_R.tar.dir/a.out 15-F/Bowers_Brandon_R.dir/Bowers_Brandon_R.out 2>> 15-F/Bowers_Brandon_R.dir/Bowers_Brandon_R.compile >> 15-F/Bowers_Brandon_R.dir/Bowers_Brandon_R.compile 

# rm -rf 15-F/Bowers_Brandon_R.dir/Bowers_Brandon_R.tar.dir 2>> 15-F/Bowers_Brandon_R.dir/Bowers_Brandon_R.compile 
