::::::::::::::
log.txt
::::::::::::::
mkdir 15-F/Harris_Brennan.dir 2> /dev/null ; 
mv -f harrisbk.tar 15-F/Harris_Brennan.dir/Harris_Brennan.tar; 
tar -xf 15-F/Harris_Brennan.dir/Harris_Brennan.tar -C 15-F/Harris_Brennan.dir; 
rm -f 15-F/Harris_Brennan.dir/*.o 15-F/Harris_Brennan.dir/a.out
perl /mnt/local/utilities/compileAll.pl 15-F/Harris_Brennan.dir/Harris_Brennan.tar 15-F/Harris_Brennan.dir/Harris_Brennan.out 2> 15-F/Harris_Brennan.dir/Harris_Brennan.compile
cp 15-F/Harris_Brennan.dir/Harris_Brennan.tar 15-F/Harris_Brennan.dir/Harris_Brennan.html
more log.txt     15-F/Harris_Brennan.dir/Harris_Brennan.compile       >> 15-F/Harris_Brennan.dir/Harris_Brennan.log 2> /dev/null ; 
rm -f log.txt     15-F/Harris_Brennan.dir/Harris_Brennan.compile      
::::::::::::::
15-F/Harris_Brennan.dir/Harris_Brennan.compile
::::::::::::::

# mkdir 15-F/Harris_Brennan.dir/Harris_Brennan.tar.dir 2>> 15-F/Harris_Brennan.dir/Harris_Brennan.compile 

# cp 15-F/Harris_Brennan.dir/Harris_Brennan.tar 15-F/Harris_Brennan.dir/Harris_Brennan.tar.dir/tar.tar 2>> 15-F/Harris_Brennan.dir/Harris_Brennan.compile 

# tar -xf  15-F/Harris_Brennan.dir/Harris_Brennan.tar.dir/tar.tar -C 15-F/Harris_Brennan.dir/Harris_Brennan.tar.dir 2>> 15-F/Harris_Brennan.dir/Harris_Brennan.compile >> 15-F/Harris_Brennan.dir/Harris_Brennan.compile 

# make a.out -C 15-F/Harris_Brennan.dir/Harris_Brennan.tar.dir 2>> 15-F/Harris_Brennan.dir/Harris_Brennan.compile >> 15-F/Harris_Brennan.dir/Harris_Brennan.compile 
make: Entering directory `/home/burtons/cs241/prj10/15-F/Harris_Brennan.dir/Harris_Brennan.tar.dir'
makefile:52: *** missing separator.  Stop.
make: Leaving directory `/home/burtons/cs241/prj10/15-F/Harris_Brennan.dir/Harris_Brennan.tar.dir'

# mv 15-F/Harris_Brennan.dir/Harris_Brennan.tar.dir/a.out 15-F/Harris_Brennan.dir/Harris_Brennan.out 2>> 15-F/Harris_Brennan.dir/Harris_Brennan.compile >> 15-F/Harris_Brennan.dir/Harris_Brennan.compile 
mv: cannot stat `15-F/Harris_Brennan.dir/Harris_Brennan.tar.dir/a.out': No such file or directory

# rm -rf 15-F/Harris_Brennan.dir/Harris_Brennan.tar.dir 2>> 15-F/Harris_Brennan.dir/Harris_Brennan.compile 
