::::::::::::::
log.txt
::::::::::::::
mkdir 15-F/Mcewen_Craig_Steven.dir 2> /dev/null ; 
mv -f cmcewen.tar 15-F/Mcewen_Craig_Steven.dir/Mcewen_Craig_Steven.tar; 
tar -xf 15-F/Mcewen_Craig_Steven.dir/Mcewen_Craig_Steven.tar -C 15-F/Mcewen_Craig_Steven.dir; 
rm -f 15-F/Mcewen_Craig_Steven.dir/*.o 15-F/Mcewen_Craig_Steven.dir/a.out
perl /mnt/local/utilities/compileAll.pl 15-F/Mcewen_Craig_Steven.dir/Mcewen_Craig_Steven.tar 15-F/Mcewen_Craig_Steven.dir/Mcewen_Craig_Steven.out 2> 15-F/Mcewen_Craig_Steven.dir/Mcewen_Craig_Steven.compile
cp 15-F/Mcewen_Craig_Steven.dir/Mcewen_Craig_Steven.tar 15-F/Mcewen_Craig_Steven.dir/Mcewen_Craig_Steven.html
more log.txt     15-F/Mcewen_Craig_Steven.dir/Mcewen_Craig_Steven.compile       >> 15-F/Mcewen_Craig_Steven.dir/Mcewen_Craig_Steven.log 2> /dev/null ; 
rm -f log.txt     15-F/Mcewen_Craig_Steven.dir/Mcewen_Craig_Steven.compile      
::::::::::::::
15-F/Mcewen_Craig_Steven.dir/Mcewen_Craig_Steven.compile
::::::::::::::

# mkdir 15-F/Mcewen_Craig_Steven.dir/Mcewen_Craig_Steven.tar.dir 2>> 15-F/Mcewen_Craig_Steven.dir/Mcewen_Craig_Steven.compile 

# cp 15-F/Mcewen_Craig_Steven.dir/Mcewen_Craig_Steven.tar 15-F/Mcewen_Craig_Steven.dir/Mcewen_Craig_Steven.tar.dir/tar.tar 2>> 15-F/Mcewen_Craig_Steven.dir/Mcewen_Craig_Steven.compile 

# tar -xf  15-F/Mcewen_Craig_Steven.dir/Mcewen_Craig_Steven.tar.dir/tar.tar -C 15-F/Mcewen_Craig_Steven.dir/Mcewen_Craig_Steven.tar.dir 2>> 15-F/Mcewen_Craig_Steven.dir/Mcewen_Craig_Steven.compile >> 15-F/Mcewen_Craig_Steven.dir/Mcewen_Craig_Steven.compile 

# make a.out -C 15-F/Mcewen_Craig_Steven.dir/Mcewen_Craig_Steven.tar.dir 2>> 15-F/Mcewen_Craig_Steven.dir/Mcewen_Craig_Steven.compile >> 15-F/Mcewen_Craig_Steven.dir/Mcewen_Craig_Steven.compile 
make: Entering directory `/home/burtons/cs241/prj10/15-F/Mcewen_Craig_Steven.dir/Mcewen_Craig_Steven.tar.dir'
g++ -c game.cpp
g++ -c uiInteract.cpp
g++ -c uiDraw.cpp
g++ -c point.cpp
g++ -c rifle.cpp
g++ -c bird.cpp
g++ -c bullet.cpp
g++ -c flyingobject.cpp
g++ game.o uiInteract.o uiDraw.o point.o rifle.o bird.o bullet.o flyingobject.o -lglut -lGLU -lGL
make: Leaving directory `/home/burtons/cs241/prj10/15-F/Mcewen_Craig_Steven.dir/Mcewen_Craig_Steven.tar.dir'

# mv 15-F/Mcewen_Craig_Steven.dir/Mcewen_Craig_Steven.tar.dir/a.out 15-F/Mcewen_Craig_Steven.dir/Mcewen_Craig_Steven.out 2>> 15-F/Mcewen_Craig_Steven.dir/Mcewen_Craig_Steven.compile >> 15-F/Mcewen_Craig_Steven.dir/Mcewen_Craig_Steven.compile 

# rm -rf 15-F/Mcewen_Craig_Steven.dir/Mcewen_Craig_Steven.tar.dir 2>> 15-F/Mcewen_Craig_Steven.dir/Mcewen_Craig_Steven.compile 
