::::::::::::::
log.txt
::::::::::::::
mkdir 15-F/Brewerton_David_Peter.dir 2> /dev/null ; 
mv -f dpbrewerton.tar 15-F/Brewerton_David_Peter.dir/Brewerton_David_Peter.tar; 
tar -xf 15-F/Brewerton_David_Peter.dir/Brewerton_David_Peter.tar -C 15-F/Brewerton_David_Peter.dir; 
rm -f 15-F/Brewerton_David_Peter.dir/*.o 15-F/Brewerton_David_Peter.dir/a.out
perl /mnt/local/utilities/compileAll.pl 15-F/Brewerton_David_Peter.dir/Brewerton_David_Peter.tar 15-F/Brewerton_David_Peter.dir/Brewerton_David_Peter.out 2> 15-F/Brewerton_David_Peter.dir/Brewerton_David_Peter.compile
cp 15-F/Brewerton_David_Peter.dir/Brewerton_David_Peter.tar 15-F/Brewerton_David_Peter.dir/Brewerton_David_Peter.html
more log.txt     15-F/Brewerton_David_Peter.dir/Brewerton_David_Peter.compile       >> 15-F/Brewerton_David_Peter.dir/Brewerton_David_Peter.log 2> /dev/null ; 
rm -f log.txt     15-F/Brewerton_David_Peter.dir/Brewerton_David_Peter.compile      
::::::::::::::
15-F/Brewerton_David_Peter.dir/Brewerton_David_Peter.compile
::::::::::::::

# mkdir 15-F/Brewerton_David_Peter.dir/Brewerton_David_Peter.tar.dir 2>> 15-F/Brewerton_David_Peter.dir/Brewerton_David_Peter.compile 

# cp 15-F/Brewerton_David_Peter.dir/Brewerton_David_Peter.tar 15-F/Brewerton_David_Peter.dir/Brewerton_David_Peter.tar.dir/tar.tar 2>> 15-F/Brewerton_David_Peter.dir/Brewerton_David_Peter.compile 

# tar -xf  15-F/Brewerton_David_Peter.dir/Brewerton_David_Peter.tar.dir/tar.tar -C 15-F/Brewerton_David_Peter.dir/Brewerton_David_Peter.tar.dir 2>> 15-F/Brewerton_David_Peter.dir/Brewerton_David_Peter.compile >> 15-F/Brewerton_David_Peter.dir/Brewerton_David_Peter.compile 

# make a.out -C 15-F/Brewerton_David_Peter.dir/Brewerton_David_Peter.tar.dir 2>> 15-F/Brewerton_David_Peter.dir/Brewerton_David_Peter.compile >> 15-F/Brewerton_David_Peter.dir/Brewerton_David_Peter.compile 
make: Entering directory `/home/burtons/cs241/prj10/15-F/Brewerton_David_Peter.dir/Brewerton_David_Peter.tar.dir'
g++ -c game.cpp
g++ -c uiInteract.cpp
g++ -c uiDraw.cpp
g++ -c point.cpp
g++ -c rifle.cpp
g++ -c velocity.cpp
g++ -c bird.cpp
g++ -c bullet.cpp
g++ -c sacredBird.cpp
g++ -c toughBird.cpp
g++ -c standardBird.cpp
g++ game.o uiInteract.o uiDraw.o point.o rifle.o velocity.o bird.o bullet.o sacredBird.o toughBird.o standardBird.o -lglut -lGLU -lGL
make: Leaving directory `/home/burtons/cs241/prj10/15-F/Brewerton_David_Peter.dir/Brewerton_David_Peter.tar.dir'

# mv 15-F/Brewerton_David_Peter.dir/Brewerton_David_Peter.tar.dir/a.out 15-F/Brewerton_David_Peter.dir/Brewerton_David_Peter.out 2>> 15-F/Brewerton_David_Peter.dir/Brewerton_David_Peter.compile >> 15-F/Brewerton_David_Peter.dir/Brewerton_David_Peter.compile 

# rm -rf 15-F/Brewerton_David_Peter.dir/Brewerton_David_Peter.tar.dir 2>> 15-F/Brewerton_David_Peter.dir/Brewerton_David_Peter.compile 
