::::::::::::::
log.txt
::::::::::::::
mv -f bowers24.cpp 15-F/Bowers_Brandon_R.cpp
perl /mnt/local/utilities/compileAll.pl 15-F/Bowers_Brandon_R.cpp 15-F/Bowers_Brandon_R.out 2> 15-F/Bowers_Brandon_R.compile
/mnt/local/testbed/testBed cs241/assign12 15-F/Bowers_Brandon_R.out  > 15-F/Bowers_Brandon_R.bed 2> 15-F/Bowers_Brandon_R.bed
cp 15-F/Bowers_Brandon_R.cpp 15-F/Bowers_Brandon_R.html
more log.txt     15-F/Bowers_Brandon_R.compile 15-F/Bowers_Brandon_R.bed      >> 15-F/Bowers_Brandon_R.log 2> /dev/null ; 
rm -f log.txt     15-F/Bowers_Brandon_R.compile 15-F/Bowers_Brandon_R.bed     
::::::::::::::
15-F/Bowers_Brandon_R.compile
::::::::::::::
::::::::::::::
15-F/Bowers_Brandon_R.bed
::::::::::::::

Bowers_Brandon_R.out:

Started program
   > [37mE[0m[37mn[0m[37mt[0m[37me[0m[37mr[0m[37m [0m[37;41mf[0m[37;41mi[0m[37;41ml[0m[37;41me[0m[37m [0m[37;41m [37;41m [7m
Exp: Enter word bank file: [0m
[4m/home/cs241/words_tiny.txt
[0m   > [37mW[0m[37mo[0m[37mr[0m[37md[0m[37m [0m[37mb[0m[37ma[0m[37mn[0m[37mk[0m[37m [0m[37ml[0m[37mo[0m[37ma[0m[37md[0m[37me[0m[37md[0m[37;41m\[0m[37;41mn[0m[7m
Exp: Word bank loaded.\n[0m
   > 
   > Enter word: [4mcon
[0m   > Incorrect spelling
   > [37;41m [7m
Exp: Matching words:\n[0m
   > [37;41m [37;41m [7m
Exp:   concessit\n[0m
   > [37;41m [37;41m [7m
Exp:   conflicted\n[0m
   > [37;41m [37;41m [7m
Exp:   confrontationist\n[0m
   > [37;41m [37;41m [7m
Exp:   conquistador\n[0m
   > [37;41m [37;41m [7m
Exp:   constitutionalist\n[0m
   > [37;41m [37;41m [7m
Exp:   contemplativeness\n[0m
   > [7m
Exp: \n[0m
   > [37;41m [37;41m [7m
Exp: Enter word: [0m
   > [37;41m [7m
Exp: Correct spelling\n[0m
   > [37;41m [7m
Exp: Matching words:\n[0m
   > [37;41m [37;41m [7m
Exp:   conflicted\n[0m
   > [7m
Exp: \n[0m
   > [37;41m [37;41m [7m
Exp: Enter word: [0m
   > [7m
Exp: Goodbye\n[0m
Program terminated successfully

Started program
   > [37mE[0m[37mn[0m[37mt[0m[37me[0m[37mr[0m[37m [0m[37;41mf[0m[37;41mi[0m[37;41ml[0m[37;41me[0m[37m [0m[37;41m [37;41m [7m
Exp: Enter word bank file: [0m
[4m/home/cs241/words_tiny.txt
[0m   > [37mW[0m[37mo[0m[37mr[0m[37md[0m[37m [0m[37mb[0m[37ma[0m[37mn[0m[37mk[0m[37m [0m[37ml[0m[37mo[0m[37ma[0m[37md[0m[37me[0m[37md[0m[37;41m\[0m[37;41mn[0m[7m
Exp: Word bank loaded.\n[0m
   > 
   > Enter word: [4masdklfj
[0m   > Incorrect spelling
   > [37;41m [7m
Exp: Matching words:\n[0m
   > [7m
Exp: \n[0m
   > [37;41m [37;41m [7m
Exp: Enter word: [0m
   > [37;41m [7m
Exp: Correct spelling\n[0m
   > [37;41m [7m
Exp: Matching words:\n[0m
   > [37;41m [37;41m [7m
Exp:   the\n[0m
   > [37;41m [37;41m [7m
Exp:   theeked\n[0m
   > [7m
Exp: \n[0m
   > [37;41m [37;41m [7m
Exp: Enter word: [0m
   > [37;41m [7m
Exp: Correct spelling\n[0m
   > [37;41m [7m
Exp: Matching words:\n[0m
   > [37;41m [37;41m [7m
Exp:   cat\n[0m
   > [37;41m [37;41m [7m
Exp:   cata-\n[0m
   > [37;41m [37;41m [7m
Exp:   catalan\n[0m
   > [37;41m [37;41m [7m
Exp:   cateran\n[0m
   > [37;41m [37;41m [7m
Exp:   cathection\n[0m
   > [7m
Exp: \n[0m
   > [37;41m [37;41m [7m
Exp: Enter word: [0m
   > [7m
Exp: Goodbye\n[0m
Program terminated successfully

Started program
   > [37mE[0m[37mn[0m[37mt[0m[37me[0m[37mr[0m[37m [0m[37;41mf[0m[37;41mi[0m[37;41ml[0m[37;41me[0m[37m [0m[37;41m [37;41m [7m
Exp: Enter word bank file: [0m
[4m/home/cs241/words_tiny.txt
[0m   > [37mW[0m[37mo[0m[37mr[0m[37md[0m[37m [0m[37mb[0m[37ma[0m[37mn[0m[37mk[0m[37m [0m[37ml[0m[37mo[0m[37ma[0m[37md[0m[37me[0m[37md[0m[37;41m\[0m[37;41mn[0m[7m
Exp: Word bank loaded.\n[0m
   > 
   > Enter word: [4mb
[0m   > Incorrect spelling
   > [37;41m [7m
Exp: Matching words:\n[0m
   > [37;41m [37;41m [7m
Exp:   babasu\n[0m
   > [37;41m [37;41m [7m
Exp:   baboons\n[0m
   > [37;41m [37;41m [7m
Exp:   backwashing\n[0m
   > [37;41m [37;41m [7m
Exp:   bake\n[0m
   > [37;41m [37;41m [7m
Exp:   barberess\n[0m
   > [37;41m [37;41m [7m
Exp:   barely\n[0m
   > [37;41m [37;41m [7m
Exp:   basidiomycetous\n[0m
   > [37;41m [37;41m [7m
Exp:   basketballer\n[0m
   > [37;41m [37;41m [7m
Exp:   battery-powered\n[0m
   > [37;41m [37;41m [7m
Exp:   bavin\n[0m
   > [37;41m [37;41m [7m
Exp:   beadleship\n[0m
   > [37;41m [37;41m [7m
Exp:   beaten\n[0m
   > [37;41m [37;41m [7m
Exp:   bensail\n[0m
   > [37;41m [37;41m [7m
Exp:   berating\n[0m
   > [37;41m [37;41m [7m
Exp:   beringleted\n[0m
   > [37;41m [37;41m [7m
Exp:   beswarming\n[0m
   > [37;41m [37;41m [7m
Exp:   bheesties\n[0m
   > [37;41m [37;41m [7m
Exp:   bibliomane\n[0m
   > [37;41m [37;41m [7m
Exp:   big-boned\n[0m
   > [37;41m [37;41m [7m
Exp:   bilk\n[0m
   > [37;41m [37;41m [7m
Exp:   black-and-tan\n[0m
   > [37;41m [37;41m [7m
Exp:   blackmail\n[0m
   > [37;41m [37;41m [7m
Exp:   blain\n[0m
   > [37;41m [37;41m [7m
Exp:   blennometritis\n[0m
   > [37;41m [37;41m [7m
Exp:   blindfolding\n[0m
   > [37;41m [37;41m [7m
Exp:   block-book\n[0m
   > [37;41m [37;41m [7m
Exp:   boanergism\n[0m
   > [37;41m [37;41m [7m
Exp:   bobowler\n[0m
   > [37;41m [37;41m [7m
Exp:   bogong\n[0m
   > [37;41m [37;41m [7m
Exp:   bombazette\n[0m
   > [37;41m [37;41m [7m
Exp:   booger\n[0m
   > [37;41m [37;41m [7m
Exp:   bopped\n[0m
   > [37;41m [37;41m [7m
Exp:   botticelli\n[0m
   > [37;41m [37;41m [7m
Exp:   brawlis\n[0m
   > [37;41m [37;41m [7m
Exp:   britchka\n[0m
   > [37;41m [37;41m [7m
Exp:   broken\n[0m
   > [37;41m [37;41m [7m
Exp:   brucite\n[0m
   > [37;41m [37;41m [7m
Exp:   buttered\n[0m
   > [7m
Exp: \n[0m
   > [37;41m [37;41m [7m
Exp: Enter word: [0m
   > [7m
Exp: Goodbye\n[0m
Program terminated successfully

[1;4mFailed 3/3 tests
[0m
