::::::::::::::
log.txt
::::::::::::::
mv -f aaffoster.cpp 15-F/Foster_Allen_A.cpp
perl /mnt/local/utilities/compileAll.pl 15-F/Foster_Allen_A.cpp 15-F/Foster_Allen_A.out 2> 15-F/Foster_Allen_A.compile
/mnt/local/testbed/testBed cs241/assign12 15-F/Foster_Allen_A.out  > 15-F/Foster_Allen_A.bed 2> 15-F/Foster_Allen_A.bed
cp 15-F/Foster_Allen_A.cpp 15-F/Foster_Allen_A.html
more log.txt     15-F/Foster_Allen_A.compile 15-F/Foster_Allen_A.bed      >> 15-F/Foster_Allen_A.log 2> /dev/null ; 
rm -f log.txt     15-F/Foster_Allen_A.compile 15-F/Foster_Allen_A.bed     
::::::::::::::
15-F/Foster_Allen_A.compile
::::::::::::::
15-F/Foster_Allen_A.cpp: In function ‘void readFile(std::string, std::vector<std::basic_string<char, std::char_traits<char>, std::allocator<char> >, std::allocator<std::basic_string<char, std::char_traits<char>, std::allocator<char> > > >&, std::string, std::string, std::string)’:
15-F/Foster_Allen_A.cpp:61: error: declaration of ‘std::string word’ shadows a parameter
15-F/Foster_Allen_A.cpp:71: error: return-statement with a value, in function returning 'void'
15-F/Foster_Allen_A.cpp:74: error: no match for ‘operator-’ in ‘end - start’
/usr/lib/gcc/x86_64-redhat-linux/4.4.7/../../../../include/c++/4.4.7/bits/stl_bvector.h:179: note: candidates are: ptrdiff_t std::operator-(const std::_Bit_iterator_base&, const std::_Bit_iterator_base&)
15-F/Foster_Allen_A.cpp:75: error: no match for ‘operator[]’ in ‘words[midIndex]’
/usr/lib/gcc/x86_64-redhat-linux/4.4.7/../../../../include/c++/4.4.7/bits/stl_vector.h:610: note: candidates are: typename std::_Vector_base<_Tp, _Alloc>::_Tp_alloc_type::reference std::vector<_Tp, _Alloc>::operator[](size_t) [with _Tp = std::basic_string<char, std::char_traits<char>, std::allocator<char> >, _Alloc = std::allocator<std::basic_string<char, std::char_traits<char>, std::allocator<char> > >]
/usr/lib/gcc/x86_64-redhat-linux/4.4.7/../../../../include/c++/4.4.7/bits/stl_vector.h:625: note:                 typename std::_Vector_base<_Tp, _Alloc>::_Tp_alloc_type::const_reference std::vector<_Tp, _Alloc>::operator[](size_t) const [with _Tp = std::basic_string<char, std::char_traits<char>, std::allocator<char> >, _Alloc = std::allocator<std::basic_string<char, std::char_traits<char>, std::allocator<char> > >]
15-F/Foster_Allen_A.cpp:79: error: return-statement with a value, in function returning 'void'
15-F/Foster_Allen_A.cpp:84: error: no match for ‘operator-’ in ‘midIndex - 1’
/usr/lib/gcc/x86_64-redhat-linux/4.4.7/../../../../include/c++/4.4.7/bits/stl_bvector.h:179: note: candidates are: ptrdiff_t std::operator-(const std::_Bit_iterator_base&, const std::_Bit_iterator_base&)
15-F/Foster_Allen_A.cpp:86: error: ‘binarySearch’ was not declared in this scope
15-F/Foster_Allen_A.cpp:86: error: return-statement with a value, in function returning 'void'
15-F/Foster_Allen_A.cpp:90: error: no match for ‘operator+’ in ‘midIndex + 1’
/usr/lib/gcc/x86_64-redhat-linux/4.4.7/../../../../include/c++/4.4.7/bits/stl_bvector.h:264: note: candidates are: std::_Bit_iterator std::operator+(ptrdiff_t, const std::_Bit_iterator&)
/usr/lib/gcc/x86_64-redhat-linux/4.4.7/../../../../include/c++/4.4.7/bits/stl_bvector.h:350: note:                 std::_Bit_const_iterator std::operator+(ptrdiff_t, const std::_Bit_const_iterator&)
15-F/Foster_Allen_A.cpp:93: error: ‘binarySearch’ was not declared in this scope
15-F/Foster_Allen_A.cpp:93: error: return-statement with a value, in function returning 'void'
15-F/Foster_Allen_A.cpp: At global scope:
15-F/Foster_Allen_A.cpp:126: error: variable or field ‘displayResults’ declared void
15-F/Foster_Allen_A.cpp:126: error: ‘file’ was not declared in this scope
15-F/Foster_Allen_A.cpp:126: error: ‘word’ was not declared in this scope
::::::::::::::
15-F/Foster_Allen_A.bed
::::::::::::::
The file 15-F/Foster_Allen_A.out failed to compile
file or directory
