::::::::::::::
log.txt
::::::::::::::
mv -f mmccel2.cpp 15-F/Hansen_David_Mead.cpp
perl /mnt/local/utilities/compileAll.pl 15-F/Hansen_David_Mead.cpp 15-F/Hansen_David_Mead.out 2> 15-F/Hansen_David_Mead.compile
/mnt/local/testbed/testBed cs241/assign12 15-F/Hansen_David_Mead.out  > 15-F/Hansen_David_Mead.bed 2> 15-F/Hansen_David_Mead.bed
cp 15-F/Hansen_David_Mead.cpp 15-F/Hansen_David_Mead.html
more log.txt     15-F/Hansen_David_Mead.compile 15-F/Hansen_David_Mead.bed      >> 15-F/Hansen_David_Mead.log 2> /dev/null ; 
rm -f log.txt     15-F/Hansen_David_Mead.compile 15-F/Hansen_David_Mead.bed     
::::::::::::::
15-F/Hansen_David_Mead.compile
::::::::::::::
::::::::::::::
15-F/Hansen_David_Mead.bed
::::::::::::::

Hansen_David_Mead.out:

Started program
   > Enter word bank file: [4m/home/cs241/words_tiny.txt
[0m   > [37;41m [37;41m [7m
Exp: Word bank loaded.\n[0m
   > [37;41mW[0m[37;41mo[0m[37;41mr[0m[37;41md[0m[37;41m [0m[37;41mb[0m[37;41ma[0m[37;41mn[0m[37;41mk[0m[37;41m [0m[37;41ml[0m[37;41mo[0m[37;41ma[0m[37;41md[0m[37;41me[0m[37;41md[0m[37;41m.[0m[37;41m\[0m[37;41mn[0m[7m
Exp: \n[0m
   > [37;41m\[0m[37mn[0m[37;41m [37;41m [7m
Exp: Enter word: [0m
   > [37;41mE[0m[37;41mn[0m[37;41mt[0m[37;41me[0m[37;41mr[0m[37;41m [0m[37;41mw[0m[37;41mo[0m[37;41mr[0m[37;41md[0m[37;41m:[0m[37;41m [0m[7m
Exp: [No output expected][0m
[4mcon
[0m   > Incorrect spelling
   > Matching words:
   >   concessit
   >   conflicted
   >   confrontationist
   >   conquistador
   >   constitutionalist
   >   contemplativeness
   > 
   > Enter word: [4mconflicted
[0m   > Correct spelling
   > Matching words:
   >   conflicted
   > 
   > Enter word: [4mquit
[0m   > Goodbye
Program terminated successfully

Started program
   > Enter word bank file: [4m/home/cs241/words_tiny.txt
[0m   > [37;41m [37;41m [7m
Exp: Word bank loaded.\n[0m
   > [7m
Exp: \n[0m
   > [37;41mW[0m[37;41mo[0m[37;41mr[0m[37;41md[0m[37;41m [0m[37;41mb[0m[37;41ma[0m[37;41mn[0m[37;41mk[0m[37;41m [0m[37;41ml[0m[37;41mo[0m[37;41ma[0m[37;41md[0m[37;41me[0m[37;41md[0m[37;41m.[0m[37;41m\[0m[37;41mn[0m[7m
Exp: Enter word: [0m
   > [37;41m\[0m[37;41mn[0m[37;41m [37;41m [7m
Exp: [No output expected][0m
[4masdklfj
[0m   > [37;41mE[0m[37mn[0m[37;41mt[0m[37;41me[0m[37mr[0m[37;41m [0m[37;41mw[0m[37;41mo[0m[37;41mr[0m[37;41md[0m[37;41m:[0m[37;41m [0m[37;41mI[0m[37;41mn[0m[37;41mc[0m[37;41mo[0m[37;41mr[0m[37;41mr[0m[37;41me[0m[37;41mc[0m[37;41mt[0m[37;41m [0m[37;41ms[0m[37;41mp[0m[37;41me[0m[37;41ml[0m[37;41ml[0m[37;41mi[0m[37;41mn[0m[37;41mg[0m[37;41m\[0m[37;41mn[0m[7m
Exp: Incorrect spelling\n[0m
   > Matching words:
   > 
   > Enter word: [4mthe
[0m   > Correct spelling
   > Matching words:
   >   the
   >   theeked
   > 
   > Enter word: [4mcat
[0m   > Correct spelling
   > Matching words:
   >   cat
   >   cata-
   >   catalan
   >   cateran
   >   cathection
   > 
   > Enter word: [4mquit
[0m   > Goodbye
Program terminated successfully

Started program
   > Enter word bank file: [4m/home/cs241/words_tiny.txt
[0m   > [37;41m [37;41m [7m
Exp: Word bank loaded.\n[0m
   > [7m
Exp: \n[0m
   > [37;41mW[0m[37;41mo[0m[37;41mr[0m[37;41md[0m[37;41m [0m[37;41mb[0m[37;41ma[0m[37;41mn[0m[37;41mk[0m[37;41m [0m[37;41ml[0m[37;41mo[0m[37;41ma[0m[37;41md[0m[37;41me[0m[37;41md[0m[37;41m.[0m[37;41m\[0m[37;41mn[0m[7m
Exp: Enter word: [0m
   > [37;41m\[0m[37;41mn[0m[37;41m [37;41m [7m
Exp: [No output expected][0m
[4mb
[0m   > [37;41mE[0m[37mn[0m[37;41mt[0m[37;41me[0m[37mr[0m[37;41m [0m[37;41mw[0m[37;41mo[0m[37;41mr[0m[37;41md[0m[37;41m:[0m[37;41m [0m[37;41mI[0m[37;41mn[0m[37;41mc[0m[37;41mo[0m[37;41mr[0m[37;41mr[0m[37;41me[0m[37;41mc[0m[37;41mt[0m[37;41m [0m[37;41ms[0m[37;41mp[0m[37;41me[0m[37;41ml[0m[37;41ml[0m[37;41mi[0m[37;41mn[0m[37;41mg[0m[37;41m\[0m[37;41mn[0m[7m
Exp: Incorrect spelling\n[0m
   > Matching words:
   >   babasu
   >   baboons
   >   backwashing
   >   bake
   >   barberess
   >   barely
   >   basidiomycetous
   >   basketballer
   >   battery-powered
   >   bavin
   >   beadleship
   >   beaten
   >   bensail
   >   berating
   >   beringleted
   >   beswarming
   >   bheesties
   >   bibliomane
   >   big-boned
   >   bilk
   >   black-and-tan
   >   blackmail
   >   blain
   >   blennometritis
   >   blindfolding
   >   block-book
   >   boanergism
   >   bobowler
   >   bogong
   >   bombazette
   >   booger
   >   bopped
   >   botticelli
   >   brawlis
   >   britchka
   >   broken
   >   brucite
   >   buttered
   > 
   > Enter word: [4mquit
[0m   > Goodbye
Program terminated successfully

[1;4mFailed 3/3 tests
[0m
