::::::::::::::
log.txt
::::::::::::::
mv -f cmcewen.cpp 15-F/Mcewen_Craig_Steven.cpp
perl /mnt/local/utilities/compileAll.pl 15-F/Mcewen_Craig_Steven.cpp 15-F/Mcewen_Craig_Steven.out 2> 15-F/Mcewen_Craig_Steven.compile
/mnt/local/testbed/testBed cs241/assign12 15-F/Mcewen_Craig_Steven.out  > 15-F/Mcewen_Craig_Steven.bed 2> 15-F/Mcewen_Craig_Steven.bed
cp 15-F/Mcewen_Craig_Steven.cpp 15-F/Mcewen_Craig_Steven.html
more log.txt     15-F/Mcewen_Craig_Steven.compile 15-F/Mcewen_Craig_Steven.bed      >> 15-F/Mcewen_Craig_Steven.log 2> /dev/null ; 
rm -f log.txt     15-F/Mcewen_Craig_Steven.compile 15-F/Mcewen_Craig_Steven.bed     
::::::::::::::
15-F/Mcewen_Craig_Steven.compile
::::::::::::::
::::::::::::::
15-F/Mcewen_Craig_Steven.bed
::::::::::::::

Mcewen_Craig_Steven.out:

Started program
   > Enter word bank file: [4m/home/cs241/words_tiny.txt
[0m   > Word bank loaded.
   > 
   > Enter word: [4mcon
[0m   > Incorrect spelling
   > Matching words:
   >   concessit
   >   conflicted
   >   confrontationist
   >   conquistador
   >   constitutionalist
   >   contemplativeness
   > 
   > Enter word: [4mconflicted
[0m   > Correct spelling
   > Matching words:
   >   conflicted
   > 
   > Enter word: [4mquit
[0m   > Goodbye
Program terminated successfully

Started program
   > Enter word bank file: [4m/home/cs241/words_tiny.txt
[0m   > Word bank loaded.
   > 
   > Enter word: [4masdklfj
[0m   > Incorrect spelling
   > Matching words:
   > 
   > Enter word: [4mthe
[0m   > Correct spelling
   > Matching words:
   >   the
   >   theeked
   > 
   > Enter word: [4mcat
[0m   > Correct spelling
   > Matching words:
   >   cat
   >   cata-
   >   catalan
   >   cateran
   >   cathection
   > 
   > Enter word: [4mquit
[0m   > Goodbye
Program terminated successfully

Started program
   > Enter word bank file: [4m/home/cs241/words_tiny.txt
[0m   > Word bank loaded.
   > 
   > Enter word: [4mb
[0m   > Incorrect spelling
   > Matching words:
   >   babasu
   >   baboons
   >   backwashing
   >   bake
   >   barberess
   >   barely
   >   basidiomycetous
   >   basketballer
   >   battery-powered
   >   bavin
   >   beadleship
   >   beaten
   >   bensail
   >   berating
   >   beringleted
   >   beswarming
   >   bheesties
   >   bibliomane
   >   big-boned
   >   bilk
   >   black-and-tan
   >   blackmail
   >   blain
   >   blennometritis
   >   blindfolding
   >   block-book
   >   boanergism
   >   bobowler
   >   bogong
   >   bombazette
   >   booger
   >   bopped
   >   botticelli
   >   brawlis
   >   britchka
   >   broken
   >   brucite
   >   buttered
   > 
   > Enter word: [4mquit
[0m   > Goodbye
Program terminated successfully

No Errors
